<?xml version="1.0" encoding="UTF-8"?>
<!-- Generated by org.testng.reporters.JUnitXMLReporter -->
<testsuite hostname="DESKTOP-4F08SV1" ignored="4" name="Test" tests="6" failures="0" timestamp="27 Jan 2021 10:36:38 GMT" time="0.049" errors="0">
  <testcase name="m2" time="0.001" classname="com.testshastra.unittests.LoginTests"/>
  <testcase name="m3" time="0.0" classname="com.testshastra.unittests.LoginTests"/>
  <testcase name="m5" time="0.009" classname="com.testshastra.unittests.LoginTests"/>
  <testcase name="m2" time="0.0" classname="com.testshastra.unittests.SignupTests"/>
  <testcase name="m3" time="0.0" classname="com.testshastra.unittests.SignupTests"/>
  <testcase name="m5" time="0.0" classname="com.testshastra.unittests.SignupTests"/>
  <testcase name="m4" time="0.0" classname="com.testshastra.unittests.SignupTests">
    <ignored/>
  </testcase> <!-- m4 -->
  <testcase name="m4" time="0.0" classname="com.testshastra.unittests.LoginTests">
    <ignored/>
  </testcase> <!-- m4 -->
  <testcase name="m1" time="0.0" classname="com.testshastra.unittests.LoginTests">
    <ignored/>
  </testcase> <!-- m1 -->
  <testcase name="m1" time="0.0" classname="com.testshastra.unittests.SignupTests">
    <ignored/>
  </testcase> <!-- m1 -->
</testsuite> <!-- Test -->
