<?xml version="1.0" encoding="UTF-8"?>
<!-- Generated by org.testng.reporters.JUnitXMLReporter -->
<testsuite hostname="DESKTOP-4F08SV1" ignored="8" name="Test" tests="2" failures="0" timestamp="27 Jan 2021 13:57:13 GMT" time="20.455" errors="0">
  <testcase name="m1" time="20.438" classname="com.testshastra.unittests.LoginTests"/>
  <testcase name="m1" time="0.0" classname="com.testshastra.unittests.SignupTests"/>
  <testcase name="m2" time="0.0" classname="com.testshastra.unittests.LoginTests">
    <ignored/>
  </testcase> <!-- m2 -->
  <testcase name="m5" time="0.0" classname="com.testshastra.unittests.LoginTests">
    <ignored/>
  </testcase> <!-- m5 -->
  <testcase name="m5" time="0.0" classname="com.testshastra.unittests.SignupTests">
    <ignored/>
  </testcase> <!-- m5 -->
  <testcase name="m3" time="0.0" classname="com.testshastra.unittests.LoginTests">
    <ignored/>
  </testcase> <!-- m3 -->
  <testcase name="m4" time="0.0" classname="com.testshastra.unittests.SignupTests">
    <ignored/>
  </testcase> <!-- m4 -->
  <testcase name="m4" time="0.0" classname="com.testshastra.unittests.LoginTests">
    <ignored/>
  </testcase> <!-- m4 -->
  <testcase name="m3" time="0.0" classname="com.testshastra.unittests.SignupTests">
    <ignored/>
  </testcase> <!-- m3 -->
  <testcase name="m2" time="0.0" classname="com.testshastra.unittests.SignupTests">
    <ignored/>
  </testcase> <!-- m2 -->
</testsuite> <!-- Test -->
