<?xml version="1.0" encoding="UTF-8"?>
<testng-results skipped="0" failed="0" ignored="8" total="10" passed="2">
  <reporter-output>
  </reporter-output>
  <suite name="Suite" duration-ms="20455" started-at="2021-01-27T13:56:52Z" finished-at="2021-01-27T13:57:12Z">
    <groups>
      <group name="Smoke">
        <method signature="LoginTests.m1()[pri:0, instance:com.testshastra.unittests.LoginTests@14d3bc22]" name="m1" class="com.testshastra.unittests.LoginTests"/>
        <method signature="SignupTests.m1()[pri:0, instance:com.testshastra.unittests.SignupTests@12d4bf7e]" name="m1" class="com.testshastra.unittests.SignupTests"/>
      </group> <!-- Smoke -->
    </groups>
    <test name="Test" duration-ms="20455" started-at="2021-01-27T13:56:52Z" finished-at="2021-01-27T13:57:12Z">
      <class name="com.testshastra.unittests.LoginTests">
        <test-method status="PASS" signature="m1()[pri:0, instance:com.testshastra.unittests.LoginTests@14d3bc22]" name="m1" duration-ms="20438" started-at="2021-01-27T13:56:52Z" finished-at="2021-01-27T13:57:12Z">
          <reporter-output>
          </reporter-output>
        </test-method> <!-- m1 -->
      </class> <!-- com.testshastra.unittests.LoginTests -->
      <class name="com.testshastra.unittests.SignupTests">
        <test-method status="PASS" signature="m1()[pri:0, instance:com.testshastra.unittests.SignupTests@12d4bf7e]" name="m1" duration-ms="0" started-at="2021-01-27T13:57:12Z" finished-at="2021-01-27T13:57:12Z">
          <reporter-output>
          </reporter-output>
        </test-method> <!-- m1 -->
      </class> <!-- com.testshastra.unittests.SignupTests -->
    </test> <!-- Test -->
  </suite> <!-- Suite -->
</testng-results>
